Traceback (most recent call last):
  File "/Users/tdsimao/workspace/book/.venv/lib/python3.13/site-packages/jupyter_core/utils/__init__.py", line 154, in wrapped
    asyncio.get_running_loop()
    ~~~~~~~~~~~~~~~~~~~~~~~~^^
RuntimeError: no running event loop

During handling of the above exception, another exception occurred:

Traceback (most recent call last):
  File "/Users/tdsimao/workspace/book/.venv/lib/python3.13/site-packages/jupyter_cache/executors/utils.py", line 58, in single_nb_execution
    executenb(
    ~~~~~~~~~^
        nb,
        ^^^
    ...<4 lines>...
        **kwargs,
        ^^^^^^^^^
    )
    ^
  File "/Users/tdsimao/workspace/book/.venv/lib/python3.13/site-packages/nbclient/client.py", line 1319, in execute
    return NotebookClient(nb=nb, resources=resources, km=km, **kwargs).execute()
           ~~~~~~~~~~~~~~~~~~~~~~~~~~~~~~~~~~~~~~~~~~~~~~~~~~~~~~~~~~~~~~~~~~~^^
  File "/Users/tdsimao/workspace/book/.venv/lib/python3.13/site-packages/jupyter_core/utils/__init__.py", line 158, in wrapped
    return loop.run_until_complete(inner)
           ~~~~~~~~~~~~~~~~~~~~~~~^^^^^^^
  File "/opt/homebrew/Cellar/python@3.13/3.13.2/Frameworks/Python.framework/Versions/3.13/lib/python3.13/asyncio/base_events.py", line 725, in run_until_complete
    return future.result()
           ~~~~~~~~~~~~~^^
  File "/Users/tdsimao/workspace/book/.venv/lib/python3.13/site-packages/nbclient/client.py", line 709, in async_execute
    await self.async_execute_cell(
        cell, index, execution_count=self.code_cells_executed + 1
    )
  File "/Users/tdsimao/workspace/book/.venv/lib/python3.13/site-packages/nbclient/client.py", line 1062, in async_execute_cell
    await self._check_raise_for_error(cell, cell_index, exec_reply)
  File "/Users/tdsimao/workspace/book/.venv/lib/python3.13/site-packages/nbclient/client.py", line 918, in _check_raise_for_error
    raise CellExecutionError.from_cell_and_msg(cell, exec_reply_content)
nbclient.exceptions.CellExecutionError: An error occurred while executing the following cell:
------------------
import torch
import torch.nn as nn
import matplotlib.pyplot as plt
from skimage import data, color
from PIL import Image
import torchvision.transforms as transforms

# Load astronaut image and convert to grayscale
astro_rgb = data.astronaut()                 # shape (H, W, 3)
astro_gray = color.rgb2gray(astro_rgb)       # float64, shape (H, W), values in [0, 1]

# Convert to tensor and normalize
transform = transforms.Compose([
    transforms.ToTensor(),  # shape: (1, H, W)
])
astro_gray = astro_gray.astype('float32')  # Convert to float32
image_tensor = torch.from_numpy(astro_gray).unsqueeze(0).unsqueeze(0)  # shape (1, 1, H, W)


# Define horizontal edge-detection kernel
edge_filter = torch.tensor([[[[-1, -1, -1],
                              [ 0,  0,  0],
                              [ 1,  1,  1]]]], dtype=torch.float32)

# Create conv layer with custom filter
conv = nn.Conv2d(1, 1, kernel_size=3, padding=1, bias=False)
conv.weight.data = edge_filter

# Apply convolution
with torch.no_grad():
    output = conv(image_tensor)

# Plot input and filtered output
fig, axes = plt.subplots(1, 2, figsize=(10, 5))
axes[0].imshow(image_tensor[0, 0], cmap='gray')
axes[0].set_title("Input: Astronaut (Grayscale)")
axes[0].axis('off')

axes[1].imshow(output[0, 0], cmap='gray')
axes[1].set_title("Output: Horizontal Edges")
axes[1].axis('off')

plt.tight_layout()
plt.show()

------------------


[31m---------------------------------------------------------------------------[39m
[31mModuleNotFoundError[39m                       Traceback (most recent call last)
[36mCell[39m[36m [39m[32mIn[3][39m[32m, line 4[39m
[32m      2[39m [38;5;28;01mimport[39;00m[38;5;250m [39m[34;01mtorch[39;00m[34;01m.[39;00m[34;01mnn[39;00m[38;5;250m [39m[38;5;28;01mas[39;00m[38;5;250m [39m[34;01mnn[39;00m
[32m      3[39m [38;5;28;01mimport[39;00m[38;5;250m [39m[34;01mmatplotlib[39;00m[34;01m.[39;00m[34;01mpyplot[39;00m[38;5;250m [39m[38;5;28;01mas[39;00m[38;5;250m [39m[34;01mplt[39;00m
[32m----> [39m[32m4[39m [38;5;28;01mfrom[39;00m[38;5;250m [39m[34;01mskimage[39;00m[38;5;250m [39m[38;5;28;01mimport[39;00m data, color
[32m      5[39m [38;5;28;01mfrom[39;00m[38;5;250m [39m[34;01mPIL[39;00m[38;5;250m [39m[38;5;28;01mimport[39;00m Image
[32m      6[39m [38;5;28;01mimport[39;00m[38;5;250m [39m[34;01mtorchvision[39;00m[34;01m.[39;00m[34;01mtransforms[39;00m[38;5;250m [39m[38;5;28;01mas[39;00m[38;5;250m [39m[34;01mtransforms[39;00m

[31mModuleNotFoundError[39m: No module named 'skimage'

